Using pre-set license
Built from '2021.1/staging' branch; Version is '2021.1.2f1 (e5d502d80fbb) revision 15062274'; Using compiler version '192528614'; Build Type 'Release'
OS: 'Windows 10 Home; OS build 19042.867; Version 2009; 64bit' Language: 'en' Physical Memory: 16285 MB
BatchMode: 1, IsHumanControllingUs: 0, StartBugReporterOnCrash: 0, Is64bit: 1, IsPro: 0

 COMMAND LINE ARGUMENTS:
C:\Program Files\Unity\Hub\Editor\2021.1.2f1\Editor\Unity.exe
-adb2
-batchMode
-noUpm
-name
AssetImportWorker0
-projectPath
C:/Users/AlexKraus/Desktop/Temp/UnityProjects/RoguelikeCleanup
-logFile
Logs/AssetImportWorker0.log
-srvPort
49202
Successfully changed project path to: C:/Users/AlexKraus/Desktop/Temp/UnityProjects/RoguelikeCleanup
C:/Users/AlexKraus/Desktop/Temp/UnityProjects/RoguelikeCleanup
Using Asset Import Pipeline V2.
Cannot set VR devices because the platform passed isn't supported by Unity.

Cannot set VR devices because the platform passed isn't supported by Unity.

Cannot set VR devices because the platform passed isn't supported by Unity.

Cannot set VR devices because the platform passed isn't supported by Unity.

Cannot set VR devices because the platform passed isn't supported by Unity.

Cannot set VR devices because the platform passed isn't supported by Unity.

Cannot set VR devices because the platform passed isn't supported by Unity.

Cannot set VR devices because the platform passed isn't supported by Unity.

Cannot set VR devices because the platform passed isn't supported by Unity.

Cannot set VR devices because the platform passed isn't supported by Unity.

Cannot set VR devices because the platform passed isn't supported by Unity.

Refreshing native plugins compatible for Editor in 69.68 ms, found 1 plugins.
Preloading 0 native plugins for Editor in 0.00 ms.
Initialize engine version: 2021.1.2f1 (e5d502d80fbb)
[Subsystems] Discovering subsystems at path C:/Program Files/Unity/Hub/Editor/2021.1.2f1/Editor/Data/Resources/UnitySubsystems
[Subsystems] Discovering subsystems at path C:/Users/AlexKraus/Desktop/Temp/UnityProjects/RoguelikeCleanup/Assets
GfxDevice: creating device client; threaded=0; jobified=0
Direct3D:
    Version:  Direct3D 11.0 [level 11.1]
    Renderer: NVIDIA GeForce RTX 2070 SUPER (ID=0x1e84)
    Vendor:   NVIDIA
    VRAM:     8011 MB
    Driver:   27.21.14.6589
Initialize mono
Mono path[0] = 'C:/Program Files/Unity/Hub/Editor/2021.1.2f1/Editor/Data/Managed'
Mono path[1] = 'C:/Program Files/Unity/Hub/Editor/2021.1.2f1/Editor/Data/MonoBleedingEdge/lib/mono/unityjit'
Mono config path = 'C:/Program Files/Unity/Hub/Editor/2021.1.2f1/Editor/Data/MonoBleedingEdge/etc'
Using monoOptions --debugger-agent=transport=dt_socket,embedding=1,server=y,suspend=n,address=127.0.0.1:56176
Begin MonoManager ReloadAssembly
Registering precompiled unity dll's ...
Register platform support module: C:/Program Files/Unity/Hub/Editor/2021.1.2f1/Editor/Data/PlaybackEngines/WebGLSupport/UnityEditor.WebGL.Extensions.dll
Register platform support module: C:/Program Files/Unity/Hub/Editor/2021.1.2f1/Editor/Data/PlaybackEngines/WindowsStandaloneSupport/UnityEditor.WindowsStandalone.Extensions.dll
Registered in 0.005170 seconds.
Native extension for WindowsStandalone target not found
Native extension for WebGL target not found
Refreshing native plugins compatible for Editor in 70.85 ms, found 1 plugins.
Preloading 0 native plugins for Editor in 0.00 ms.
Mono: successfully reloaded assembly
- Completed reload, in  3.721 seconds
Platform modules already initialized, skipping
Registering precompiled user dll's ...
Registered in 0.005317 seconds.
Begin MonoManager ReloadAssembly
Native extension for WindowsStandalone target not found
Native extension for WebGL target not found
Refreshing native plugins compatible for Editor in 0.58 ms, found 1 plugins.
Preloading 0 native plugins for Editor in 0.00 ms.
Mono: successfully reloaded assembly
- Completed reload, in  1.068 seconds
Platform modules already initialized, skipping
========================================================================
Worker process is ready to serve import requests
Cannot set VR devices because the platform passed isn't supported by Unity.

Cannot set VR devices because the platform passed isn't supported by Unity.

Cannot set VR devices because the platform passed isn't supported by Unity.

Cannot set VR devices because the platform passed isn't supported by Unity.

Cannot set VR devices because the platform passed isn't supported by Unity.

Cannot set VR devices because the platform passed isn't supported by Unity.

Cannot set VR devices because the platform passed isn't supported by Unity.

Cannot set VR devices because the platform passed isn't supported by Unity.

Cannot set VR devices because the platform passed isn't supported by Unity.

Cannot set VR devices because the platform passed isn't supported by Unity.

Cannot set VR devices because the platform passed isn't supported by Unity.

Launched and connected shader compiler UnityShaderCompiler.exe after 0.07 seconds
Refreshing native plugins compatible for Editor in 0.61 ms, found 1 plugins.
Preloading 0 native plugins for Editor in 0.00 ms.
Unloading 2812 Unused Serialized files (Serialized files now loaded: 0)
System memory in use before: 101.9 MB.
System memory in use after: 102.1 MB.

Unloading 14 unused Assets to reduce memory usage. Loaded Objects now: 3263.
Total: 2.408500 ms (FindLiveObjects: 0.352600 ms CreateObjectMapping: 0.302900 ms MarkObjects: 1.699000 ms  DeleteObjects: 0.052600 ms)

========================================================================
Received Import Request.
  path: Assets/Scripts
  artifactKey: Guid(239b43c9337d04b4c9b98c5a02cc1bef) Importer(815301076,1909f56bfc062723c751e8b465ee728b)
Start importing Assets/Scripts using Guid(239b43c9337d04b4c9b98c5a02cc1bef) Importer(815301076,1909f56bfc062723c751e8b465ee728b)  -> (artifact id: 'cb375f2ad13c43662db5dc6ecf3af340') in 0.014670 seconds 
========================================================================
Received Import Request.
  Time since last request: 16.019491 seconds.
  path: Assets/Scripts/MonobehaviourScripts
  artifactKey: Guid(7b1a2896462632d4fbf9fa21f09c1d0d) Importer(815301076,1909f56bfc062723c751e8b465ee728b)
Start importing Assets/Scripts/MonobehaviourScripts using Guid(7b1a2896462632d4fbf9fa21f09c1d0d) Importer(815301076,1909f56bfc062723c751e8b465ee728b)  -> (artifact id: 'de8df09ac156d6418984af7589b179ac') in 0.003512 seconds 
========================================================================
Received Import Request.
  Time since last request: 3.366449 seconds.
  path: Assets/Scripts/MonobehaviourScripts/InputAction.cs
  artifactKey: Guid(d1d8e6babbc84d345bd0ed0d658040d0) Importer(815301076,1909f56bfc062723c751e8b465ee728b)
Start importing Assets/Scripts/MonobehaviourScripts/InputAction.cs using Guid(d1d8e6babbc84d345bd0ed0d658040d0) Importer(815301076,1909f56bfc062723c751e8b465ee728b)  -> (artifact id: 'ccbff2baaa557387cd61f26bee4758c2') in 0.081581 seconds 
========================================================================
Received Prepare
Cannot set VR devices because the platform passed isn't supported by Unity.

Cannot set VR devices because the platform passed isn't supported by Unity.

Cannot set VR devices because the platform passed isn't supported by Unity.

Cannot set VR devices because the platform passed isn't supported by Unity.

Cannot set VR devices because the platform passed isn't supported by Unity.

Cannot set VR devices because the platform passed isn't supported by Unity.

Cannot set VR devices because the platform passed isn't supported by Unity.

Cannot set VR devices because the platform passed isn't supported by Unity.

Cannot set VR devices because the platform passed isn't supported by Unity.

Cannot set VR devices because the platform passed isn't supported by Unity.

Cannot set VR devices because the platform passed isn't supported by Unity.

Refreshing native plugins compatible for Editor in 4.87 ms, found 1 plugins.
Preloading 0 native plugins for Editor in 0.00 ms.
Unloading 7 Unused Serialized files (Serialized files now loaded: 0)
System memory in use before: 46.1 MB.
System memory in use after: 46.4 MB.

Unloading 7 unused Assets to reduce memory usage. Loaded Objects now: 3263.
Total: 3.934300 ms (FindLiveObjects: 0.385100 ms CreateObjectMapping: 0.275600 ms MarkObjects: 3.246500 ms  DeleteObjects: 0.025800 ms)

AssetImportWorkerClient::OnTransportError - code=2 error=End of file
